12:44:13 73.6
12:44:16 73.4
12:44:19 73.7
12:44:22 73.9
12:44:25 73.7
12:44:28 72.4
START
12:44:31 73.7
12:44:34 73.7
12:44:37 74.3
12:44:40 73.6
12:44:43 74.0
12:44:46 73.3
PERIOD=7
12:44:49 73.4
12:44:56 73.9
12:45:03 72.9
12:45:10 73.3
12:45:17 73.9
12:45:24 72.6
12:45:31 73.4
DISP Y
12:45:38 73.3
12:45:45 74.0
12:45:52 74.0
12:45:59 74.0
12:46:06 74.3
12:46:13 73.1
12:46:20 74.0
SCALE=C
12:46:27 22.9
12:46:34 23.4
12:46:41 23.5
12:46:48 23.3
12:46:55 22.7
12:47:02 23.2
12:47:09 22.8
SCALE=F
12:47:16 73.9
12:47:23 73.9
12:47:30 74.5
12:47:37 73.3
12:47:44 73.3
12:47:51 73.7
12:47:58 74.2
PERIOD=3
12:48:05 73.9
12:48:08 73.3
12:48:11 73.9
STOP E I
12:48:15 73.4
STOP
PERIOD=008
SCALE=A I
DISP N
STOP
SCALE=C
START
12:48:49 16.1
12:48:57 23.4
12:49:05 23.2
12:49:13 22.9
12:49:21 23.5
12:49:29 23.4
12:49:37 23.0
12:49:45 23.2
START E I
12:49:53 23.3
12:50:01 23.3
12:50:09 23.3
12:50:17 23.2
12:50:25 23.3
12:50:33 23.3
12:50:41 23.4
12:50:49 23.7
PERIOD=06
12:50:57 23.3
12:51:03 23.3
12:51:09 23.3
12:51:15 23.3
12:51:21 23.5
12:51:27 23.3
DISP Y
12:51:33 23.0
12:51:39 23.4
12:51:45 23.3
12:51:51 23.3
12:51:57 23.5
12:52:03 23.4
DISP M I
12:52:09 22.9
12:52:15 23.2
12:52:21 23.0
12:52:27 23.4
12:52:33 23.3
12:52:39 23.1
SCALE=C
12:52:45 23.3
12:52:51 22.9
12:52:57 23.5
12:53:03 23.1
12:53:09 23.5
12:53:15 23.2
START
12:53:21 22.9
12:53:27 23.3
12:53:33 23.4
12:53:39 23.4
12:53:45 23.3
12:53:51 23.4
SCALE=F
12:53:57 74.0
12:54:04 73.7
12:54:10 73.4
12:54:16 73.6
12:54:22 74.5
12:54:28 73.9
PERIOD=0004
12:54:34 73.4
12:54:38 73.6
12:54:42 73.1
12:54:46 73.7
STOP
OFF
