13:00:52 61.3
13:00:55 75.2
13:00:58 75.0
13:01:01 73.9
13:01:04 74.6
13:01:07 74.9
START
13:01:10 74.0
13:01:13 74.5
13:01:16 75.2
13:01:19 74.3
13:01:22 74.3
13:01:25 75.2
PERIOD=7
13:01:28 74.9
13:01:35 75.0
13:01:42 74.6
13:01:49 74.3
13:01:56 74.3
13:02:03 74.7
13:02:10 74.7
DISP Y
13:02:17 73.9
13:02:24 74.6
13:02:31 74.9
13:02:38 75.2
13:02:45 74.6
13:02:52 74.5
13:02:59 74.9
SCALE=C
13:03:06 23.8
13:03:13 23.4
13:03:20 23.7
13:03:27 23.7
13:03:34 23.6
13:03:41 23.9
13:03:48 23.8
SCALE=F
13:03:55 73.9
13:04:02 74.6
13:04:09 74.6
13:04:16 74.3
13:04:23 74.0
13:04:30 74.5
13:04:37 73.7
PERIOD=3
13:04:44 73.7
13:04:47 74.5
13:04:50 74.6
STOP E I
13:04:53 74.2
STOP
PERIOD=008
SCALE=A I
DISP N
STOP
SCALE=C
START
13:05:35 15.7
13:05:43 23.4
13:05:51 23.3
13:05:59 23.5
13:06:07 23.5
13:06:15 23.4
13:06:23 23.6
13:06:31 23.3
START E I
13:06:39 23.4
13:06:47 23.5
13:06:55 23.3
13:07:03 23.6
13:07:11 23.4
13:07:19 23.3
13:07:27 23.3
13:07:35 23.1
PERIOD=06
13:07:43 23.4
13:07:49 23.3
13:07:55 23.3
13:08:01 23.4
13:08:07 23.5
13:08:13 23.5
DISP Y
13:08:19 23.0
13:08:25 23.4
13:08:31 23.2
13:08:37 23.3
13:08:43 23.1
13:08:49 23.4
DISP M I
13:08:55 23.2
13:09:01 23.4
13:09:07 23.2
13:09:13 23.5
13:09:19 23.6
13:09:25 23.2
SCALE=C
13:09:31 23.3
13:09:37 23.6
13:09:43 23.1
13:09:49 23.2
13:09:55 23.4
13:10:01 23.6
START
13:10:07 23.2
13:10:13 23.3
13:10:19 23.3
13:10:25 23.1
13:10:31 23.0
13:10:37 23.7
SCALE=F
13:10:43 74.2
13:10:49 73.9
13:10:55 73.9
13:11:01 74.3
13:11:07 74.3
13:11:13 73.7
PERIOD=0004
13:11:19 74.3
13:11:23 74.2
13:11:27 74.3
13:11:31 73.4
STOP
OFF
