22:21:05 76.2
22:21:06 76.5
22:21:07 76.8
22:21:08 75.9
22:21:09 76.9
22:21:10 76.8
22:21:11 76.6
22:21:12 76.6
22:21:13 75.8
22:21:14 76.1
22:21:15 76.2
22:21:16 75.9
22:21:17 76.2
22:21:18 75.6
22:21:19 76.5
22:21:20 76.6
22:21:21 76.6
22:21:22 76.1
22:21:23 76.6
22:21:24 76.9
22:21:25 76.6
22:21:26 76.6
22:21:27 76.3
22:21:28 76.6
22:21:29 75.9
22:21:30 75.9
22:21:31 76.5
22:21:32 76.5
22:21:33 76.5
22:21:34 76.9
22:21:35 76.6
22:21:36 76.6
22:21:37 76.1
22:21:38 75.6
22:21:39 75.9
22:21:40 77.1
22:21:41 76.5
22:21:42 76.9
22:21:43 76.1
22:21:44 76.9
22:21:45 76.2
22:21:46 76.2
22:21:47 76.3
22:21:48 76.8
22:21:49 76.5
22:21:50 76.5
22:21:51 76.2
22:21:52 77.1
22:21:53 75.9
22:21:54 76.6
22:21:55 75.8
22:21:56 76.8
22:21:57 76.5
22:21:58 76.3
22:21:59 76.1
22:22:00 76.6
22:22:01 76.1
22:22:02 76.5
22:22:03 76.3
22:22:04 76.2
22:22:05 76.8
22:22:06 75.6
22:22:07 77.1
22:22:08 76.3
22:22:09 75.6
22:22:10 76.1
22:22:11 76.1
22:22:12 76.5
22:22:13 76.3
22:22:14 75.3
22:22:15 76.1
22:22:16 76.9
22:22:17 76.9
22:22:18 76.8
22:22:19 76.8
22:22:20 76.5
22:22:21 76.8
22:22:22 76.5
22:22:23 76.1
22:22:24 75.3
22:22:25 76.5
22:22:26 76.1
22:22:27 76.6
22:22:28 76.5
22:22:29 76.3
22:22:30 76.1
22:22:31 76.6
22:22:32 75.8
22:22:33 75.8
22:22:34 75.3
22:22:35 76.3
22:22:36 75.8
22:22:37 75.5
22:22:38 75.8
22:22:39 75.6
22:22:40 76.5
22:22:41 76.8
22:22:42 76.9
22:22:43 75.9
22:22:45 76.3
22:22:46 76.5
22:22:47 75.2
22:22:48 76.5
22:22:49 75.5
22:22:50 75.6
22:22:51 76.2
22:22:52 76.1
22:22:53 76.3
22:22:54 75.8
